*** Using Compiler 'V5.06 update 6 (build 750)', folder: 'C:\Keil_v5\ARM\ARMCC\Bin'
Rebuild target 'ValveHoll-Changer'
compiling ChargingHandle.c...
compiling Dwin.c...
compiling Flash.c...
compiling publicfunc.c...
compiling ModbusMaster.c...
compiling gpio.c...
compiling dac.c...
compiling dma.c...
compiling main.c...
compiling adc.c...
compiling usart.c...
compiling iwdg.c...
compiling tim.c...
compiling rtc.c...
../Core/Src/rtc.c(86): warning:  #111-D: statement is unreachable
    sTime.Hours = 12;
../Core/Src/rtc.c: 1 warning, 0 errors
compiling stm32f1xx_it.c...
compiling Clibration.c...
compiling stm32f1xx_hal_adc.c...
compiling stm32f1xx_hal_msp.c...
compiling stm32f1xx_hal_gpio_ex.c...
compiling stm32f1xx_hal_adc_ex.c...
compiling stm32f1xx_hal.c...
compiling stm32f1xx_hal_gpio.c...
compiling stm32f1xx_hal_dma.c...
compiling stm32f1xx_hal_rcc.c...
compiling stm32f1xx_hal_rcc_ex.c...
compiling stm32f1xx_hal_cortex.c...
compiling stm32f1xx_hal_pwr.c...
compiling stm32f1xx_hal_exti.c...
compiling stm32f1xx_hal_flash.c...
compiling stm32f1xx_hal_flash_ex.c...
compiling stm32f1xx_hal_dac.c...
compiling stm32f1xx_hal_dac_ex.c...
compiling stm32f1xx_hal_iwdg.c...
compiling stm32f1xx_hal_rtc.c...
compiling stm32f1xx_hal_rtc_ex.c...
assembling startup_stm32f103xe.s...
compiling mdcrc16.c...
compiling mdrecbuffer.c...
compiling stm32f1xx_hal_tim.c...
compiling mdregpool.c...
compiling system_stm32f1xx.c...
compiling stm32f1xx_hal_tim_ex.c...
compiling shell.c...
compiling shell_cmd_list.c...
compiling shell_companion.c...
compiling shell_ext.c...
compiling stm32f1xx_hal_uart.c...
compiling PID_Rule.c...
compiling pid.c...
compiling fuzzyPID.c...
compiling mdrtuslave.c...
compiling shell_port.c...
linking...
Program Size: Code=34408 RO-data=2364 RW-data=664 ZI-data=21152  
FromELF: creating hex file...
"ValveHoll-Changer\ValveHoll-Changer.axf" - 0 Error(s), 1 Warning(s).
Build Time Elapsed:  00:00:33
